#
# There is insufficient memory for the Java Runtime Environment to continue.
# Native memory allocation (malloc) failed to allocate 32744 bytes for ChunkPool::allocate
# Possible reasons:
#   The system is out of physical RAM or swap space
#   The process is running with CompressedOops enabled, and the Java Heap may be blocking the growth of the native heap
# Possible solutions:
#   Reduce memory load on the system
#   Increase physical memory or swap space
#   Check if swap backing store is full
#   Decrease Java heap size (-Xmx/-Xms)
#   Decrease number of Java threads
#   Decrease Java thread stack sizes (-Xss)
#   Set larger code cache with -XX:ReservedCodeCacheSize=
#   JVM is running with Unscaled Compressed Oops mode in which the Java heap is
#     placed in the first 4GB address space. The Java Heap base address is the
#     maximum limit for the native heap growth. Please use -XX:HeapBaseMinAddress
#     to set the Java Heap base and to place the Java Heap above 4GB virtual address.
# This output file may be truncated or incomplete.
#
#  Out of Memory Error (t:/workspace/open/src/hotspot/share/memory/arena.cpp:81), pid=1488, tid=12092
#
# JRE version: Java(TM) SE Runtime Environment (11.0.6+8) (build 11.0.6+8-LTS)
# Java VM: Java HotSpot(TM) 64-Bit Server VM (11.0.6+8-LTS, mixed mode, tiered, compressed oops, g1 gc, windows-amd64)
# No core dump will be written. Minidumps are not enabled by default on client versions of Windows
#

---------------  S U M M A R Y ------------

Command Line: -ea -Didea.test.cyclic.buffer.size=1048576 -javaagent:F:\win_ide\IntelliJ IDEA 2020.1\lib\idea_rt.jar=59341:F:\win_ide\IntelliJ IDEA 2020.1\bin -Dfile.encoding=UTF-8 com.intellij.rt.junit.JUnitStarter -ideVersion5 -junit4 cn.dbdj1201.sc.dao.IEsProductDaoTest,findAllProducts

Host: Intel(R) Xeon(R) CPU           E5620  @ 2.40GHz, 8 cores, 7G,  Windows 10 , 64 bit Build 18362 (10.0.18362.329)
Time: Wed Aug 12 19:05:33 2020 ?D1¨²¡À¨º¡Á?¨º¡À?? elapsed time: 18 seconds (0d 0h 0m 18s)

---------------  T H R E A D  ---------------

Current thread (0x000001677a353800):  JavaThread "C2 CompilerThread1" daemon [_thread_in_native, id=12092, stack(0x00000003f6400000,0x00000003f6500000)]


Current CompileTask:
C2:  18639 7206       4       java.lang.Class::getDeclaredAnnotations (11 bytes)

Stack: [0x00000003f6400000,0x00000003f6500000]
Native frames: (J=compiled Java code, j=interpreted, Vv=VM code, C=native code)
V  [jvm.dll+0x63679a]
V  [jvm.dll+0x7755bf]
V  [jvm.dll+0x776c65]
V  [jvm.dll+0x7772d3]
V  [jvm.dll+0x25e7f8]
V  [jvm.dll+0xc1e3b]
V  [jvm.dll+0xc219c]
V  [jvm.dll+0x373018]
V  [jvm.dll+0x3724f9]
V  [jvm.dll+0x36c167]
V  [jvm.dll+0x1a9135]
V  [jvm.dll+0x218462]
V  [jvm.dll+0x2174fa]
V  [jvm.dll+0x193a2c]
V  [jvm.dll+0x226544]
V  [jvm.dll+0x224b28]
V  [jvm.dll+0x73a9c5]
V  [jvm.dll+0x733905]
V  [jvm.dll+0x635846]
C  [ucrtbase.dll+0x20e72]
C  [KERNEL32.DLL+0x17bd4]
C  [ntdll.dll+0x6ced1]


---------------  P R O C E S S  ---------------

Threads class SMR info:
_java_thread_list=0x0000016702558ef0, length=34, elements={
0x0000016754648800, 0x00000167752fc800, 0x0000016775300000, 0x0000016775b8a000,
0x0000016775b8b000, 0x0000016775b8c800, 0x000001677530c800, 0x000001677530e000,
0x0000016775e2d000, 0x0000016775f0d000, 0x0000016775f0a000, 0x00000167785ac000,
0x00000167785ad000, 0x00000167785aa800, 0x00000167785ab000, 0x000001677a34a800,
0x000001677a346800, 0x000001677a348000, 0x000001677a345000, 0x000001677a347800,
0x000001677a349000, 0x000001677a34a000, 0x000001677a34b800, 0x000001677a346000,
0x000001677a352000, 0x000001677a34e800, 0x000001677a351000, 0x000001677a34c800,
0x000001677a350800, 0x000001677a353000, 0x000001677a34f800, 0x000001677a34d000,
0x000001677a353800, 0x000001677a34e000
}

Java Threads: ( => current thread )
  0x0000016754648800 JavaThread "main" [_thread_blocked, id=10800, stack(0x00000003f5200000,0x00000003f5300000)]
  0x00000167752fc800 JavaThread "Reference Handler" daemon [_thread_blocked, id=2112, stack(0x00000003f5900000,0x00000003f5a00000)]
  0x0000016775300000 JavaThread "Finalizer" daemon [_thread_blocked, id=1476, stack(0x00000003f5a00000,0x00000003f5b00000)]
  0x0000016775b8a000 JavaThread "Signal Dispatcher" daemon [_thread_blocked, id=5160, stack(0x00000003f5b00000,0x00000003f5c00000)]
  0x0000016775b8b000 JavaThread "Attach Listener" daemon [_thread_blocked, id=6832, stack(0x00000003f5c00000,0x00000003f5d00000)]
  0x0000016775b8c800 JavaThread "C2 CompilerThread0" daemon [_thread_in_native, id=10420, stack(0x00000003f5d00000,0x00000003f5e00000)]
  0x000001677530c800 JavaThread "C1 CompilerThread0" daemon [_thread_in_vm, id=8820, stack(0x00000003f5e00000,0x00000003f5f00000)]
  0x000001677530e000 JavaThread "Sweeper thread" daemon [_thread_blocked, id=6080, stack(0x00000003f5f00000,0x00000003f6000000)]
  0x0000016775e2d000 JavaThread "Common-Cleaner" daemon [_thread_blocked, id=7984, stack(0x00000003f6000000,0x00000003f6100000)]
  0x0000016775f0d000 JavaThread "Monitor Ctrl-Break" daemon [_thread_in_native, id=1516, stack(0x00000003f6100000,0x00000003f6200000)]
  0x0000016775f0a000 JavaThread "Service Thread" daemon [_thread_blocked, id=9212, stack(0x00000003f6200000,0x00000003f6300000)]
  0x00000167785ac000 JavaThread "mysql-cj-abandoned-connection-cleanup" daemon [_thread_blocked, id=8984, stack(0x00000003f6800000,0x00000003f6900000)]
  0x00000167785ad000 JavaThread "Druid-ConnectionPool-Create-477700359" daemon [_thread_blocked, id=11052, stack(0x00000003f6b00000,0x00000003f6c00000)]
  0x00000167785aa800 JavaThread "Druid-ConnectionPool-Destroy-477700359" daemon [_thread_blocked, id=3700, stack(0x00000003f6c00000,0x00000003f6d00000)]
  0x00000167785ab000 JavaThread "ForkJoinPool.commonPool-worker-3" daemon [_thread_blocked, id=11176, stack(0x00000003f6d00000,0x00000003f6e00000)]
  0x000001677a34a800 JavaThread "ForkJoinPool.commonPool-worker-5" daemon [_thread_blocked, id=456, stack(0x00000003f6e00000,0x00000003f6f00000)]
  0x000001677a346800 JavaThread "ForkJoinPool.commonPool-worker-7" daemon [_thread_blocked, id=7904, stack(0x00000003f6f00000,0x00000003f7000000)]
  0x000001677a348000 JavaThread "ForkJoinPool.commonPool-worker-9" daemon [_thread_blocked, id=10964, stack(0x00000003f7000000,0x00000003f7100000)]
  0x000001677a345000 JavaThread "ForkJoinPool.commonPool-worker-11" daemon [_thread_blocked, id=5628, stack(0x00000003f7100000,0x00000003f7200000)]
  0x000001677a347800 JavaThread "ForkJoinPool.commonPool-worker-15" daemon [_thread_blocked, id=6072, stack(0x00000003f7200000,0x00000003f7300000)]
  0x000001677a349000 JavaThread "ForkJoinPool.commonPool-worker-13" daemon [_thread_blocked, id=10792, stack(0x00000003f7300000,0x00000003f7400000)]
  0x000001677a34a000 JavaThread "cluster-ClusterId{value='5f33ccf410ddd73e7de02d7e', description='null'}-localhost:27017" daemon [_thread_blocked, id=10492, stack(0x00000003f7400000,0x00000003f7500000)]
  0x000001677a34b800 JavaThread "lettuce-eventExecutorLoop-1-1" daemon [_thread_blocked, id=10828, stack(0x00000003f7600000,0x00000003f7700000)]
  0x000001677a346000 JavaThread "pool-1-thread-1" [_thread_in_native, id=10060, stack(0x00000003f7700000,0x00000003f7800000)]
  0x000001677a352000 JavaThread "I/O dispatcher 1" [_thread_in_native, id=3748, stack(0x00000003f7800000,0x00000003f7900000)]
  0x000001677a34e800 JavaThread "I/O dispatcher 2" [_thread_in_native, id=1576, stack(0x00000003f7900000,0x00000003f7a00000)]
  0x000001677a351000 JavaThread "I/O dispatcher 3" [_thread_in_native, id=1372, stack(0x00000003f7a00000,0x00000003f7b00000)]
  0x000001677a34c800 JavaThread "I/O dispatcher 4" [_thread_in_native, id=10128, stack(0x00000003f7b00000,0x00000003f7c00000)]
  0x000001677a350800 JavaThread "I/O dispatcher 5" [_thread_in_native, id=8796, stack(0x00000003f7c00000,0x00000003f7d00000)]
  0x000001677a353000 JavaThread "I/O dispatcher 6" [_thread_in_native, id=11536, stack(0x00000003f7d00000,0x00000003f7e00000)]
  0x000001677a34f800 JavaThread "I/O dispatcher 7" [_thread_in_native, id=12200, stack(0x00000003f7e00000,0x00000003f7f00000)]
  0x000001677a34d000 JavaThread "I/O dispatcher 8" [_thread_in_native, id=2508, stack(0x00000003f7f00000,0x00000003f8000000)]
=>0x000001677a353800 JavaThread "C2 CompilerThread1" daemon [_thread_in_native, id=12092, stack(0x00000003f6400000,0x00000003f6500000)]
  0x000001677a34e000 JavaThread "C2 CompilerThread2" daemon [_thread_in_native, id=9508, stack(0x00000003f6500000,0x00000003f6600000)]

Other Threads:
  0x00000167752ea000 VMThread "VM Thread" [stack: 0x00000003f5800000,0x00000003f5900000] [id=4628]
  0x0000016775eb3800 WatcherThread [stack: 0x00000003f6300000,0x00000003f6400000] [id=7196]
  0x0000016754661800 GCTaskThread "GC Thread#0" [stack: 0x00000003f5300000,0x00000003f5400000] [id=4500]
  0x00000167774ae000 GCTaskThread "GC Thread#1" [stack: 0x00000003f6600000,0x00000003f6700000] [id=1536]
  0x00000167770f4000 GCTaskThread "GC Thread#2" [stack: 0x00000003f6700000,0x00000003f6800000] [id=1392]
  0x0000016777f9a000 GCTaskThread "GC Thread#3" [stack: 0x00000003f6900000,0x00000003f6a00000] [id=11212]
  0x00000167782d0800 GCTaskThread "GC Thread#4" [stack: 0x00000003f8000000,0x00000003f8100000] [id=6028]
  0x0000016702806000 GCTaskThread "GC Thread#5" [stack: 0x00000003f8100000,0x00000003f8200000] [id=10368]
  0x0000016700ef3800 GCTaskThread "GC Thread#6" [stack: 0x00000003f8200000,0x00000003f8300000] [id=11140]
  0x000001677a028800 GCTaskThread "GC Thread#7" [stack: 0x00000003f8300000,0x00000003f8400000] [id=2588]
  0x000001675468d800 ConcurrentGCThread "G1 Main Marker" [stack: 0x00000003f5400000,0x00000003f5500000] [id=12256]
  0x000001675468e800 ConcurrentGCThread "G1 Conc#0" [stack: 0x00000003f5500000,0x00000003f5600000] [id=10780]
  0x00000167772fe000 ConcurrentGCThread "G1 Conc#1" [stack: 0x00000003f6a00000,0x00000003f6b00000] [id=9668]
  0x00000167546ee000 ConcurrentGCThread "G1 Refine#0" [stack: 0x00000003f5600000,0x00000003f5700000] [id=5664]
  0x00000167546ee800 ConcurrentGCThread "G1 Young RemSet Sampling" [stack: 0x00000003f5700000,0x00000003f5800000] [id=4136]

Threads with active compile tasks:
C2 CompilerThread07275       4       org.springframework.beans.factory.support.AbstractBeanFactory::isTypeMatch (607 bytes)
C1 CompilerThread07436       2       org.springframework.beans.factory.support.DefaultListableBeanFactory$$Lambda$474/0x00000001005bf840::apply (24 bytes)
C2 CompilerThread17206       4       java.lang.Class::getDeclaredAnnotations (11 bytes)
C2 CompilerThread27207   !   4       java.lang.reflect.Executable::declaredAnnotations (85 bytes)

VM state:synchronizing (normal execution)

VM Mutex/Monitor currently owned by a thread:  ([mutex/lock_event])
[0x0000016754646600] Threads_lock - owner thread: 0x00000167752ea000

Heap address: 0x0000000080200000, size: 2046 MB, Compressed Oops mode: 32-bit
Narrow klass base: 0x0000000000000000, Narrow klass shift: 3
Compressed class space size: 1073741824 Address: 0x0000000100000000

Heap:
 garbage-first heap   total 227328K, used 162010K [0x0000000080200000, 0x0000000100000000)
  region size 1024K, 122 young (124928K), 11 survivors (11264K)
 Metaspace       used 81021K, capacity 83217K, committed 83376K, reserved 1122304K
  class space    used 10258K, capacity 11217K, committed 11264K, reserved 1048576K
Heap Regions: E=young(eden), S=young(survivor), O=old, HS=humongous(starts), HC=humongous(continues), CS=collection set, F=free, A=archive, TAMS=top-at-mark-start (previous, next)
|   0|0x0000000080200000, 0x0000000080300000, 0x0000000080300000|100%|HS|  |TAMS 0x0000000080300000, 0x0000000080200000| Complete 
|   1|0x0000000080300000, 0x0000000080400000, 0x0000000080400000|100%| O|  |TAMS 0x0000000080400000, 0x0000000080300000| Untracked 
|   2|0x0000000080400000, 0x0000000080500000, 0x0000000080500000|100%| O|  |TAMS 0x0000000080500000, 0x0000000080400000| Untracked 
|   3|0x0000000080500000, 0x0000000080600000, 0x0000000080600000|100%| O|  |TAMS 0x0000000080600000, 0x0000000080500000| Untracked 
|   4|0x0000000080600000, 0x0000000080700000, 0x0000000080700000|100%| O|  |TAMS 0x0000000080700000, 0x0000000080600000| Untracked 
|   5|0x0000000080700000, 0x0000000080800000, 0x0000000080800000|100%| O|  |TAMS 0x0000000080800000, 0x0000000080700000| Untracked 
|   6|0x0000000080800000, 0x0000000080900000, 0x0000000080900000|100%| O|  |TAMS 0x0000000080900000, 0x0000000080800000| Untracked 
|   7|0x0000000080900000, 0x0000000080a00000, 0x0000000080a00000|100%| O|  |TAMS 0x0000000080a00000, 0x0000000080900000| Untracked 
|   8|0x0000000080a00000, 0x0000000080b00000, 0x0000000080b00000|100%| O|  |TAMS 0x0000000080b00000, 0x0000000080a00000| Untracked 
|   9|0x0000000080b00000, 0x0000000080c00000, 0x0000000080c00000|100%| O|  |TAMS 0x0000000080c00000, 0x0000000080b00000| Untracked 
|  10|0x0000000080c00000, 0x0000000080d00000, 0x0000000080d00000|100%| O|  |TAMS 0x0000000080d00000, 0x0000000080c00000| Untracked 
|  11|0x0000000080d00000, 0x0000000080e00000, 0x0000000080e00000|100%| O|  |TAMS 0x0000000080e00000, 0x0000000080d00000| Untracked 
|  12|0x0000000080e00000, 0x0000000080f00000, 0x0000000080f00000|100%| O|  |TAMS 0x0000000080f00000, 0x0000000080e00000| Untracked 
|  13|0x0000000080f00000, 0x0000000081000000, 0x0000000081000000|100%| O|  |TAMS 0x0000000081000000, 0x0000000080f00000| Untracked 
|  14|0x0000000081000000, 0x0000000081100000, 0x0000000081100000|100%| O|  |TAMS 0x0000000081100000, 0x0000000081000000| Untracked 
|  15|0x0000000081100000, 0x0000000081200000, 0x0000000081200000|100%| O|  |TAMS 0x0000000081200000, 0x0000000081100000| Untracked 
|  16|0x0000000081200000, 0x0000000081300000, 0x0000000081300000|100%| O|  |TAMS 0x0000000081300000, 0x0000000081200000| Untracked 
|  17|0x0000000081300000, 0x0000000081400000, 0x0000000081400000|100%| O|  |TAMS 0x0000000081400000, 0x0000000081300000| Untracked 
|  18|0x0000000081400000, 0x0000000081500000, 0x0000000081500000|100%| O|  |TAMS 0x0000000081500000, 0x0000000081400000| Untracked 
|  19|0x0000000081500000, 0x0000000081600000, 0x0000000081600000|100%| O|  |TAMS 0x0000000081600000, 0x0000000081500000| Untracked 
|  20|0x0000000081600000, 0x0000000081700000, 0x0000000081700000|100%| O|  |TAMS 0x0000000081700000, 0x0000000081600000| Untracked 
|  21|0x0000000081700000, 0x0000000081800000, 0x0000000081800000|100%| O|  |TAMS 0x0000000081800000, 0x0000000081700000| Untracked 
|  22|0x0000000081800000, 0x0000000081900000, 0x0000000081900000|100%| O|  |TAMS 0x0000000081900000, 0x0000000081800000| Untracked 
|  23|0x0000000081900000, 0x0000000081a00000, 0x0000000081a00000|100%| O|  |TAMS 0x0000000081a00000, 0x0000000081900000| Untracked 
|  24|0x0000000081a00000, 0x0000000081b00000, 0x0000000081b00000|100%| O|  |TAMS 0x0000000081b00000, 0x0000000081a00000| Untracked 
|  25|0x0000000081b00000, 0x0000000081c00000, 0x0000000081c00000|100%| O|  |TAMS 0x0000000081c00000, 0x0000000081b00000| Untracked 
|  26|0x0000000081c00000, 0x0000000081d00000, 0x0000000081d00000|100%| O|  |TAMS 0x0000000081d00000, 0x0000000081c00000| Untracked 
|  27|0x0000000081d00000, 0x0000000081e00000, 0x0000000081e00000|100%| O|  |TAMS 0x0000000081d37200, 0x0000000081d00000| Untracked 
|  28|0x0000000081e00000, 0x0000000081f00000, 0x0000000081f00000|100%| O|  |TAMS 0x0000000081e00000, 0x0000000081e00000| Untracked 
|  29|0x0000000081f00000, 0x0000000082000000, 0x0000000082000000|100%| O|  |TAMS 0x0000000081f00000, 0x0000000081f00000| Untracked 
|  30|0x0000000082000000, 0x0000000082100000, 0x0000000082100000|100%| O|  |TAMS 0x0000000082000000, 0x0000000082000000| Untracked 
|  31|0x0000000082100000, 0x0000000082200000, 0x0000000082200000|100%| O|  |TAMS 0x0000000082100000, 0x0000000082100000| Untracked 
|  32|0x0000000082200000, 0x0000000082300000, 0x0000000082300000|100%| O|  |TAMS 0x0000000082200000, 0x0000000082200000| Untracked 
|  33|0x0000000082300000, 0x0000000082400000, 0x0000000082400000|100%| O|  |TAMS 0x0000000082300000, 0x0000000082300000| Untracked 
|  34|0x0000000082400000, 0x0000000082500000, 0x0000000082500000|100%| O|  |TAMS 0x0000000082400000, 0x0000000082400000| Untracked 
|  35|0x0000000082500000, 0x0000000082600000, 0x0000000082600000|100%| O|  |TAMS 0x0000000082500000, 0x0000000082500000| Untracked 
|  36|0x0000000082600000, 0x0000000082700000, 0x0000000082700000|100%| O|  |TAMS 0x0000000082600000, 0x0000000082600000| Untracked 
|  37|0x0000000082700000, 0x00000000827b2600, 0x0000000082800000| 69%| O|  |TAMS 0x0000000082700000, 0x0000000082700000| Untracked 
|  38|0x0000000082800000, 0x0000000082800000, 0x0000000082900000|  0%| F|  |TAMS 0x0000000082800000, 0x0000000082800000| Untracked 
|  39|0x0000000082900000, 0x0000000082900000, 0x0000000082a00000|  0%| F|  |TAMS 0x0000000082900000, 0x0000000082900000| Untracked 
|  40|0x0000000082a00000, 0x0000000082a00000, 0x0000000082b00000|  0%| F|  |TAMS 0x0000000082a00000, 0x0000000082a00000| Untracked 
|  41|0x0000000082b00000, 0x0000000082b00000, 0x0000000082c00000|  0%| F|  |TAMS 0x0000000082b00000, 0x0000000082b00000| Untracked 
|  42|0x0000000082c00000, 0x0000000082c00000, 0x0000000082d00000|  0%| F|  |TAMS 0x0000000082c00000, 0x0000000082c00000| Untracked 
|  43|0x0000000082d00000, 0x0000000082d00000, 0x0000000082e00000|  0%| F|  |TAMS 0x0000000082d00000, 0x0000000082d00000| Untracked 
|  44|0x0000000082e00000, 0x0000000082e00000, 0x0000000082f00000|  0%| F|  |TAMS 0x0000000082e00000, 0x0000000082e00000| Untracked 
|  45|0x0000000082f00000, 0x0000000082f00000, 0x0000000083000000|  0%| F|  |TAMS 0x0000000082f00000, 0x0000000082f00000| Untracked 
|  46|0x0000000083000000, 0x0000000083000000, 0x0000000083100000|  0%| F|  |TAMS 0x0000000083000000, 0x0000000083000000| Untracked 
|  47|0x0000000083100000, 0x0000000083100000, 0x0000000083200000|  0%| F|  |TAMS 0x0000000083100000, 0x0000000083100000| Untracked 
|  48|0x0000000083200000, 0x0000000083200000, 0x0000000083300000|  0%| F|  |TAMS 0x0000000083200000, 0x0000000083200000| Untracked 
|  49|0x0000000083300000, 0x0000000083300000, 0x0000000083400000|  0%| F|  |TAMS 0x0000000083300000, 0x0000000083300000| Untracked 
|  50|0x0000000083400000, 0x0000000083400000, 0x0000000083500000|  0%| F|  |TAMS 0x0000000083400000, 0x0000000083400000| Untracked 
|  51|0x0000000083500000, 0x0000000083500000, 0x0000000083600000|  0%| F|  |TAMS 0x0000000083500000, 0x0000000083500000| Untracked 
|  52|0x0000000083600000, 0x0000000083600000, 0x0000000083700000|  0%| F|  |TAMS 0x0000000083600000, 0x0000000083600000| Untracked 
|  53|0x0000000083700000, 0x0000000083700000, 0x0000000083800000|  0%| F|  |TAMS 0x0000000083700000, 0x0000000083700000| Untracked 
|  54|0x0000000083800000, 0x0000000083800000, 0x0000000083900000|  0%| F|  |TAMS 0x0000000083800000, 0x0000000083800000| Untracked 
|  55|0x0000000083900000, 0x0000000083900000, 0x0000000083a00000|  0%| F|  |TAMS 0x0000000083900000, 0x0000000083900000| Untracked 
|  56|0x0000000083a00000, 0x0000000083a00000, 0x0000000083b00000|  0%| F|  |TAMS 0x0000000083a00000, 0x0000000083a00000| Untracked 
|  57|0x0000000083b00000, 0x0000000083b00000, 0x0000000083c00000|  0%| F|  |TAMS 0x0000000083b00000, 0x0000000083b00000| Untracked 
|  58|0x0000000083c00000, 0x0000000083c00000, 0x0000000083d00000|  0%| F|  |TAMS 0x0000000083c00000, 0x0000000083c00000| Untracked 
|  59|0x0000000083d00000, 0x0000000083d00000, 0x0000000083e00000|  0%| F|  |TAMS 0x0000000083d00000, 0x0000000083d00000| Untracked 
|  60|0x0000000083e00000, 0x0000000083e00000, 0x0000000083f00000|  0%| F|  |TAMS 0x0000000083e00000, 0x0000000083e00000| Untracked 
|  61|0x0000000083f00000, 0x0000000083f00000, 0x0000000084000000|  0%| F|  |TAMS 0x0000000083f00000, 0x0000000083f00000| Untracked 
|  62|0x0000000084000000, 0x0000000084000000, 0x0000000084100000|  0%| F|  |TAMS 0x0000000084000000, 0x0000000084000000| Untracked 
|  63|0x0000000084100000, 0x0000000084100000, 0x0000000084200000|  0%| F|  |TAMS 0x0000000084100000, 0x0000000084100000| Untracked 
|  64|0x0000000084200000, 0x0000000084200000, 0x0000000084300000|  0%| F|  |TAMS 0x0000000084200000, 0x0000000084200000| Untracked 
|  65|0x0000000084300000, 0x0000000084300000, 0x0000000084400000|  0%| F|  |TAMS 0x0000000084300000, 0x0000000084300000| Untracked 
|  66|0x0000000084400000, 0x0000000084400000, 0x0000000084500000|  0%| F|  |TAMS 0x0000000084400000, 0x0000000084400000| Untracked 
|  67|0x0000000084500000, 0x0000000084500000, 0x0000000084600000|  0%| F|  |TAMS 0x0000000084500000, 0x0000000084500000| Untracked 
|  68|0x0000000084600000, 0x0000000084600000, 0x0000000084700000|  0%| F|  |TAMS 0x0000000084600000, 0x0000000084600000| Untracked 
|  69|0x0000000084700000, 0x0000000084700000, 0x0000000084800000|  0%| F|  |TAMS 0x0000000084700000, 0x0000000084700000| Untracked 
|  70|0x0000000084800000, 0x0000000084800000, 0x0000000084900000|  0%| F|  |TAMS 0x0000000084800000, 0x0000000084800000| Untracked 
|  71|0x0000000084900000, 0x0000000084900000, 0x0000000084a00000|  0%| F|  |TAMS 0x0000000084900000, 0x0000000084900000| Untracked 
|  72|0x0000000084a00000, 0x0000000084a00000, 0x0000000084b00000|  0%| F|  |TAMS 0x0000000084a00000, 0x0000000084a00000| Untracked 
|  73|0x0000000084b00000, 0x0000000084b00000, 0x0000000084c00000|  0%| F|  |TAMS 0x0000000084b00000, 0x0000000084b00000| Untracked 
|  74|0x0000000084c00000, 0x0000000084c00000, 0x0000000084d00000|  0%| F|  |TAMS 0x0000000084c00000, 0x0000000084c00000| Untracked 
|  75|0x0000000084d00000, 0x0000000084d00000, 0x0000000084e00000|  0%| F|  |TAMS 0x0000000084d00000, 0x0000000084d00000| Untracked 
|  76|0x0000000084e00000, 0x0000000084e00000, 0x0000000084f00000|  0%| F|  |TAMS 0x0000000084e00000, 0x0000000084e00000| Untracked 
|  77|0x0000000084f00000, 0x0000000084f00000, 0x0000000085000000|  0%| F|  |TAMS 0x0000000084f00000, 0x0000000084f00000| Untracked 
|  78|0x0000000085000000, 0x0000000085084460, 0x0000000085100000| 51%| S|CS|TAMS 0x0000000085000000, 0x0000000085000000| Complete 
|  79|0x0000000085100000, 0x0000000085200000, 0x0000000085200000|100%| S|CS|TAMS 0x0000000085100000, 0x0000000085100000| Complete 
|  80|0x0000000085200000, 0x0000000085300000, 0x0000000085300000|100%| S|CS|TAMS 0x0000000085200000, 0x0000000085200000| Complete 
|  81|0x0000000085300000, 0x0000000085400000, 0x0000000085400000|100%| S|CS|TAMS 0x0000000085300000, 0x0000000085300000| Complete 
|  82|0x0000000085400000, 0x0000000085500000, 0x0000000085500000|100%| S|CS|TAMS 0x0000000085400000, 0x0000000085400000| Complete 
|  83|0x0000000085500000, 0x0000000085600000, 0x0000000085600000|100%| S|CS|TAMS 0x0000000085500000, 0x0000000085500000| Complete 
|  84|0x0000000085600000, 0x0000000085700000, 0x0000000085700000|100%| S|CS|TAMS 0x0000000085600000, 0x0000000085600000| Complete 
|  85|0x0000000085700000, 0x0000000085800000, 0x0000000085800000|100%| S|CS|TAMS 0x0000000085700000, 0x0000000085700000| Complete 
|  86|0x0000000085800000, 0x0000000085900000, 0x0000000085900000|100%| S|CS|TAMS 0x0000000085800000, 0x0000000085800000| Complete 
|  87|0x0000000085900000, 0x0000000085a00000, 0x0000000085a00000|100%| S|CS|TAMS 0x0000000085900000, 0x0000000085900000| Complete 
|  88|0x0000000085a00000, 0x0000000085b00000, 0x0000000085b00000|100%| S|CS|TAMS 0x0000000085a00000, 0x0000000085a00000| Complete 
|  89|0x0000000085b00000, 0x0000000085b00000, 0x0000000085c00000|  0%| F|  |TAMS 0x0000000085b00000, 0x0000000085b00000| Untracked 
|  90|0x0000000085c00000, 0x0000000085c00000, 0x0000000085d00000|  0%| F|  |TAMS 0x0000000085c00000, 0x0000000085c00000| Untracked 
|  91|0x0000000085d00000, 0x0000000085d00000, 0x0000000085e00000|  0%| F|  |TAMS 0x0000000085d00000, 0x0000000085d00000| Untracked 
|  92|0x0000000085e00000, 0x0000000085e00000, 0x0000000085f00000|  0%| F|  |TAMS 0x0000000085e00000, 0x0000000085e00000| Untracked 
|  93|0x0000000085f00000, 0x0000000085f00000, 0x0000000086000000|  0%| F|  |TAMS 0x0000000085f00000, 0x0000000085f00000| Untracked 
|  94|0x0000000086000000, 0x0000000086000000, 0x0000000086100000|  0%| F|  |TAMS 0x0000000086000000, 0x0000000086000000| Untracked 
|  95|0x0000000086100000, 0x0000000086100000, 0x0000000086200000|  0%| F|  |TAMS 0x0000000086100000, 0x0000000086100000| Untracked 
|  96|0x0000000086200000, 0x0000000086200000, 0x0000000086300000|  0%| F|  |TAMS 0x0000000086200000, 0x0000000086200000| Untracked 
|  97|0x0000000086300000, 0x0000000086300000, 0x0000000086400000|  0%| F|  |TAMS 0x0000000086300000, 0x0000000086300000| Untracked 
|  98|0x0000000086400000, 0x0000000086400000, 0x0000000086500000|  0%| F|  |TAMS 0x0000000086400000, 0x0000000086400000| Untracked 
|  99|0x0000000086500000, 0x0000000086500000, 0x0000000086600000|  0%| F|  |TAMS 0x0000000086500000, 0x0000000086500000| Untracked 
| 100|0x0000000086600000, 0x0000000086600000, 0x0000000086700000|  0%| F|  |TAMS 0x0000000086600000, 0x0000000086600000| Untracked 
| 101|0x0000000086700000, 0x0000000086700000, 0x0000000086800000|  0%| F|  |TAMS 0x0000000086700000, 0x0000000086700000| Untracked 
| 102|0x0000000086800000, 0x0000000086800000, 0x0000000086900000|  0%| F|  |TAMS 0x0000000086800000, 0x0000000086800000| Untracked 
| 103|0x0000000086900000, 0x0000000086900000, 0x0000000086a00000|  0%| F|  |TAMS 0x0000000086900000, 0x0000000086900000| Untracked 
| 104|0x0000000086a00000, 0x0000000086a00000, 0x0000000086b00000|  0%| F|  |TAMS 0x0000000086a00000, 0x0000000086a00000| Untracked 
| 105|0x0000000086b00000, 0x0000000086b00000, 0x0000000086c00000|  0%| F|  |TAMS 0x0000000086b00000, 0x0000000086b00000| Untracked 
| 106|0x0000000086c00000, 0x0000000086c00000, 0x0000000086d00000|  0%| F|  |TAMS 0x0000000086c00000, 0x0000000086c00000| Untracked 
| 107|0x0000000086d00000, 0x0000000086d00000, 0x0000000086e00000|  0%| F|  |TAMS 0x0000000086d00000, 0x0000000086d00000| Untracked 
| 108|0x0000000086e00000, 0x0000000086e00000, 0x0000000086f00000|  0%| F|  |TAMS 0x0000000086e00000, 0x0000000086e00000| Untracked 
| 109|0x0000000086f00000, 0x0000000086f00000, 0x0000000087000000|  0%| F|  |TAMS 0x0000000086f00000, 0x0000000086f00000| Untracked 
| 110|0x0000000087000000, 0x0000000087000000, 0x0000000087100000|  0%| F|  |TAMS 0x0000000087000000, 0x0000000087000000| Untracked 
| 111|0x0000000087100000, 0x0000000087180800, 0x0000000087200000| 50%| E|  |TAMS 0x0000000087100000, 0x0000000087100000| Complete 
| 112|0x0000000087200000, 0x0000000087300000, 0x0000000087300000|100%| E|CS|TAMS 0x0000000087200000, 0x0000000087200000| Complete 
| 113|0x0000000087300000, 0x0000000087400000, 0x0000000087400000|100%| E|CS|TAMS 0x0000000087300000, 0x0000000087300000| Complete 
| 114|0x0000000087400000, 0x0000000087500000, 0x0000000087500000|100%| E|CS|TAMS 0x0000000087400000, 0x0000000087400000| Complete 
| 115|0x0000000087500000, 0x0000000087600000, 0x0000000087600000|100%| E|CS|TAMS 0x0000000087500000, 0x0000000087500000| Complete 
| 116|0x0000000087600000, 0x0000000087700000, 0x0000000087700000|100%| E|CS|TAMS 0x0000000087600000, 0x0000000087600000| Complete 
| 117|0x0000000087700000, 0x0000000087800000, 0x0000000087800000|100%| E|CS|TAMS 0x0000000087700000, 0x0000000087700000| Complete 
| 118|0x0000000087800000, 0x0000000087900000, 0x0000000087900000|100%| E|CS|TAMS 0x0000000087800000, 0x0000000087800000| Complete 
| 119|0x0000000087900000, 0x0000000087a00000, 0x0000000087a00000|100%| E|CS|TAMS 0x0000000087900000, 0x0000000087900000| Complete 
| 120|0x0000000087a00000, 0x0000000087b00000, 0x0000000087b00000|100%| E|CS|TAMS 0x0000000087a00000, 0x0000000087a00000| Complete 
| 121|0x0000000087b00000, 0x0000000087c00000, 0x0000000087c00000|100%| E|CS|TAMS 0x0000000087b00000, 0x0000000087b00000| Complete 
| 122|0x0000000087c00000, 0x0000000087d00000, 0x0000000087d00000|100%| E|CS|TAMS 0x0000000087c00000, 0x0000000087c00000| Complete 
| 123|0x0000000087d00000, 0x0000000087e00000, 0x0000000087e00000|100%| E|CS|TAMS 0x0000000087d00000, 0x0000000087d00000| Complete 
| 124|0x0000000087e00000, 0x0000000087f00000, 0x0000000087f00000|100%| E|CS|TAMS 0x0000000087e00000, 0x0000000087e00000| Complete 
| 125|0x0000000087f00000, 0x0000000088000000, 0x0000000088000000|100%| E|CS|TAMS 0x0000000087f00000, 0x0000000087f00000| Complete 
| 126|0x0000000088000000, 0x0000000088100000, 0x0000000088100000|100%| E|CS|TAMS 0x0000000088000000, 0x0000000088000000| Complete 
| 127|0x0000000088100000, 0x0000000088200000, 0x0000000088200000|100%| E|CS|TAMS 0x0000000088100000, 0x0000000088100000| Complete 
| 128|0x0000000088200000, 0x0000000088300000, 0x0000000088300000|100%| E|CS|TAMS 0x0000000088200000, 0x0000000088200000| Complete 
| 129|0x0000000088300000, 0x0000000088400000, 0x0000000088400000|100%| E|CS|TAMS 0x0000000088300000, 0x0000000088300000| Complete 
| 130|0x0000000088400000, 0x0000000088500000, 0x0000000088500000|100%| E|CS|TAMS 0x0000000088400000, 0x0000000088400000| Complete 
| 131|0x0000000088500000, 0x0000000088600000, 0x0000000088600000|100%| E|CS|TAMS 0x0000000088500000, 0x0000000088500000| Complete 
| 132|0x0000000088600000, 0x0000000088700000, 0x0000000088700000|100%| E|CS|TAMS 0x0000000088600000, 0x0000000088600000| Complete 
| 133|0x0000000088700000, 0x0000000088800000, 0x0000000088800000|100%| E|CS|TAMS 0x0000000088700000, 0x0000000088700000| Complete 
| 134|0x0000000088800000, 0x0000000088900000, 0x0000000088900000|100%| E|CS|TAMS 0x0000000088800000, 0x0000000088800000| Complete 
| 135|0x0000000088900000, 0x0000000088a00000, 0x0000000088a00000|100%| E|CS|TAMS 0x0000000088900000, 0x0000000088900000| Complete 
| 136|0x0000000088a00000, 0x0000000088b00000, 0x0000000088b00000|100%| E|CS|TAMS 0x0000000088a00000, 0x0000000088a00000| Complete 
| 137|0x0000000088b00000, 0x0000000088c00000, 0x0000000088c00000|100%| E|CS|TAMS 0x0000000088b00000, 0x0000000088b00000| Complete 
| 138|0x0000000088c00000, 0x0000000088d00000, 0x0000000088d00000|100%| E|CS|TAMS 0x0000000088c00000, 0x0000000088c00000| Complete 
| 139|0x0000000088d00000, 0x0000000088e00000, 0x0000000088e00000|100%| E|CS|TAMS 0x0000000088d00000, 0x0000000088d00000| Complete 
| 140|0x0000000088e00000, 0x0000000088f00000, 0x0000000088f00000|100%| E|CS|TAMS 0x0000000088e00000, 0x0000000088e00000| Complete 
| 141|0x0000000088f00000, 0x0000000089000000, 0x0000000089000000|100%| E|CS|TAMS 0x0000000088f00000, 0x0000000088f00000| Complete 
| 142|0x0000000089000000, 0x0000000089100000, 0x0000000089100000|100%| E|CS|TAMS 0x0000000089000000, 0x0000000089000000| Complete 
| 143|0x0000000089100000, 0x0000000089200000, 0x0000000089200000|100%| E|CS|TAMS 0x0000000089100000, 0x0000000089100000| Complete 
| 144|0x0000000089200000, 0x0000000089300000, 0x0000000089300000|100%| E|CS|TAMS 0x0000000089200000, 0x0000000089200000| Complete 
| 145|0x0000000089300000, 0x0000000089400000, 0x0000000089400000|100%| E|CS|TAMS 0x0000000089300000, 0x0000000089300000| Complete 
| 146|0x0000000089400000, 0x0000000089500000, 0x0000000089500000|100%| E|CS|TAMS 0x0000000089400000, 0x0000000089400000| Complete 
| 147|0x0000000089500000, 0x0000000089600000, 0x0000000089600000|100%| E|CS|TAMS 0x0000000089500000, 0x0000000089500000| Complete 
| 148|0x0000000089600000, 0x0000000089700000, 0x0000000089700000|100%| E|CS|TAMS 0x0000000089600000, 0x0000000089600000| Complete 
| 149|0x0000000089700000, 0x0000000089800000, 0x0000000089800000|100%| E|CS|TAMS 0x0000000089700000, 0x0000000089700000| Complete 
| 150|0x0000000089800000, 0x0000000089900000, 0x0000000089900000|100%| E|CS|TAMS 0x0000000089800000, 0x0000000089800000| Complete 
| 151|0x0000000089900000, 0x0000000089a00000, 0x0000000089a00000|100%| E|CS|TAMS 0x0000000089900000, 0x0000000089900000| Complete 
| 152|0x0000000089a00000, 0x0000000089b00000, 0x0000000089b00000|100%| E|CS|TAMS 0x0000000089a00000, 0x0000000089a00000| Complete 
| 153|0x0000000089b00000, 0x0000000089c00000, 0x0000000089c00000|100%| E|CS|TAMS 0x0000000089b00000, 0x0000000089b00000| Complete 
| 154|0x0000000089c00000, 0x0000000089d00000, 0x0000000089d00000|100%| E|CS|TAMS 0x0000000089c00000, 0x0000000089c00000| Complete 
| 155|0x0000000089d00000, 0x0000000089e00000, 0x0000000089e00000|100%| E|CS|TAMS 0x0000000089d00000, 0x0000000089d00000| Complete 
| 156|0x0000000089e00000, 0x0000000089f00000, 0x0000000089f00000|100%| E|CS|TAMS 0x0000000089e00000, 0x0000000089e00000| Complete 
| 157|0x0000000089f00000, 0x000000008a000000, 0x000000008a000000|100%| E|CS|TAMS 0x0000000089f00000, 0x0000000089f00000| Complete 
| 158|0x000000008a000000, 0x000000008a100000, 0x000000008a100000|100%| E|CS|TAMS 0x000000008a000000, 0x000000008a000000| Complete 
| 159|0x000000008a100000, 0x000000008a200000, 0x000000008a200000|100%| E|CS|TAMS 0x000000008a100000, 0x000000008a100000| Complete 
| 160|0x000000008a200000, 0x000000008a300000, 0x000000008a300000|100%| E|CS|TAMS 0x000000008a200000, 0x000000008a200000| Complete 
| 161|0x000000008a300000, 0x000000008a400000, 0x000000008a400000|100%| E|CS|TAMS 0x000000008a300000, 0x000000008a300000| Complete 
| 162|0x000000008a400000, 0x000000008a500000, 0x000000008a500000|100%| E|CS|TAMS 0x000000008a400000, 0x000000008a400000| Complete 
| 163|0x000000008a500000, 0x000000008a600000, 0x000000008a600000|100%| E|CS|TAMS 0x000000008a500000, 0x000000008a500000| Complete 
| 164|0x000000008a600000, 0x000000008a700000, 0x000000008a700000|100%| E|CS|TAMS 0x000000008a600000, 0x000000008a600000| Complete 
| 165|0x000000008a700000, 0x000000008a800000, 0x000000008a800000|100%| E|CS|TAMS 0x000000008a700000, 0x000000008a700000| Complete 
| 166|0x000000008a800000, 0x000000008a900000, 0x000000008a900000|100%| E|CS|TAMS 0x000000008a800000, 0x000000008a800000| Complete 
| 167|0x000000008a900000, 0x000000008aa00000, 0x000000008aa00000|100%| E|CS|TAMS 0x000000008a900000, 0x000000008a900000| Complete 
| 168|0x000000008aa00000, 0x000000008ab00000, 0x000000008ab00000|100%| E|CS|TAMS 0x000000008aa00000, 0x000000008aa00000| Complete 
| 169|0x000000008ab00000, 0x000000008ac00000, 0x000000008ac00000|100%| E|CS|TAMS 0x000000008ab00000, 0x000000008ab00000| Complete 
| 170|0x000000008ac00000, 0x000000008ad00000, 0x000000008ad00000|100%| E|CS|TAMS 0x000000008ac00000, 0x000000008ac00000| Complete 
| 171|0x000000008ad00000, 0x000000008ae00000, 0x000000008ae00000|100%| E|CS|TAMS 0x000000008ad00000, 0x000000008ad00000| Complete 
| 172|0x000000008ae00000, 0x000000008af00000, 0x000000008af00000|100%| E|CS|TAMS 0x000000008ae00000, 0x000000008ae00000| Complete 
| 173|0x000000008af00000, 0x000000008b000000, 0x000000008b000000|100%| E|CS|TAMS 0x000000008af00000, 0x000000008af00000| Complete 
| 174|0x000000008b000000, 0x000000008b100000, 0x000000008b100000|100%| E|CS|TAMS 0x000000008b000000, 0x000000008b000000| Complete 
| 175|0x000000008b100000, 0x000000008b200000, 0x000000008b200000|100%| E|CS|TAMS 0x000000008b100000, 0x000000008b100000| Complete 
| 176|0x000000008b200000, 0x000000008b300000, 0x000000008b300000|100%| E|CS|TAMS 0x000000008b200000, 0x000000008b200000| Complete 
| 177|0x000000008b300000, 0x000000008b400000, 0x000000008b400000|100%| E|CS|TAMS 0x000000008b300000, 0x000000008b300000| Complete 
| 178|0x000000008b400000, 0x000000008b500000, 0x000000008b500000|100%| E|CS|TAMS 0x000000008b400000, 0x000000008b400000| Complete 
| 179|0x000000008b500000, 0x000000008b600000, 0x000000008b600000|100%| E|CS|TAMS 0x000000008b500000, 0x000000008b500000| Complete 
| 180|0x000000008b600000, 0x000000008b700000, 0x000000008b700000|100%| E|CS|TAMS 0x000000008b600000, 0x000000008b600000| Complete 
| 181|0x000000008b700000, 0x000000008b800000, 0x000000008b800000|100%| E|CS|TAMS 0x000000008b700000, 0x000000008b700000| Complete 
| 182|0x000000008b800000, 0x000000008b900000, 0x000000008b900000|100%| E|CS|TAMS 0x000000008b800000, 0x000000008b800000| Complete 
| 183|0x000000008b900000, 0x000000008ba00000, 0x000000008ba00000|100%| E|CS|TAMS 0x000000008b900000, 0x000000008b900000| Complete 
| 184|0x000000008ba00000, 0x000000008bb00000, 0x000000008bb00000|100%| E|CS|TAMS 0x000000008ba00000, 0x000000008ba00000| Complete 
| 185|0x000000008bb00000, 0x000000008bc00000, 0x000000008bc00000|100%| E|CS|TAMS 0x000000008bb00000, 0x000000008bb00000| Complete 
| 186|0x000000008bc00000, 0x000000008bd00000, 0x000000008bd00000|100%| E|CS|TAMS 0x000000008bc00000, 0x000000008bc00000| Complete 
| 187|0x000000008bd00000, 0x000000008be00000, 0x000000008be00000|100%| E|CS|TAMS 0x000000008bd00000, 0x000000008bd00000| Complete 
| 188|0x000000008be00000, 0x000000008bf00000, 0x000000008bf00000|100%| E|CS|TAMS 0x000000008be00000, 0x000000008be00000| Complete 
| 189|0x000000008bf00000, 0x000000008c000000, 0x000000008c000000|100%| E|CS|TAMS 0x000000008bf00000, 0x000000008bf00000| Complete 
| 190|0x000000008c000000, 0x000000008c100000, 0x000000008c100000|100%| E|CS|TAMS 0x000000008c000000, 0x000000008c000000| Complete 
| 191|0x000000008c100000, 0x000000008c200000, 0x000000008c200000|100%| E|CS|TAMS 0x000000008c100000, 0x000000008c100000| Complete 
| 192|0x000000008c200000, 0x000000008c300000, 0x000000008c300000|100%| E|CS|TAMS 0x000000008c200000, 0x000000008c200000| Complete 
| 193|0x000000008c300000, 0x000000008c400000, 0x000000008c400000|100%| E|CS|TAMS 0x000000008c300000, 0x000000008c300000| Complete 
| 194|0x000000008c400000, 0x000000008c500000, 0x000000008c500000|100%| E|CS|TAMS 0x000000008c400000, 0x000000008c400000| Complete 
| 195|0x000000008c500000, 0x000000008c600000, 0x000000008c600000|100%| E|CS|TAMS 0x000000008c500000, 0x000000008c500000| Complete 
| 196|0x000000008c600000, 0x000000008c700000, 0x000000008c700000|100%| E|CS|TAMS 0x000000008c600000, 0x000000008c600000| Complete 
| 197|0x000000008c700000, 0x000000008c800000, 0x000000008c800000|100%| E|CS|TAMS 0x000000008c700000, 0x000000008c700000| Complete 
| 198|0x000000008c800000, 0x000000008c900000, 0x000000008c900000|100%| E|CS|TAMS 0x000000008c800000, 0x000000008c800000| Complete 
| 199|0x000000008c900000, 0x000000008ca00000, 0x000000008ca00000|100%| E|CS|TAMS 0x000000008c900000, 0x000000008c900000| Complete 
| 200|0x000000008ca00000, 0x000000008cb00000, 0x000000008cb00000|100%| E|CS|TAMS 0x000000008ca00000, 0x000000008ca00000| Complete 
| 201|0x000000008cb00000, 0x000000008cc00000, 0x000000008cc00000|100%| E|CS|TAMS 0x000000008cb00000, 0x000000008cb00000| Complete 
| 202|0x000000008cc00000, 0x000000008cd00000, 0x000000008cd00000|100%| E|CS|TAMS 0x000000008cc00000, 0x000000008cc00000| Complete 
| 203|0x000000008cd00000, 0x000000008ce00000, 0x000000008ce00000|100%| E|CS|TAMS 0x000000008cd00000, 0x000000008cd00000| Complete 
| 204|0x000000008ce00000, 0x000000008cf00000, 0x000000008cf00000|100%| E|CS|TAMS 0x000000008ce00000, 0x000000008ce00000| Complete 
| 205|0x000000008cf00000, 0x000000008d000000, 0x000000008d000000|100%| E|CS|TAMS 0x000000008cf00000, 0x000000008cf00000| Complete 
| 206|0x000000008d000000, 0x000000008d100000, 0x000000008d100000|100%| E|CS|TAMS 0x000000008d000000, 0x000000008d000000| Complete 
| 207|0x000000008d100000, 0x000000008d200000, 0x000000008d200000|100%| E|CS|TAMS 0x000000008d100000, 0x000000008d100000| Complete 
| 208|0x000000008d200000, 0x000000008d300000, 0x000000008d300000|100%| E|CS|TAMS 0x000000008d200000, 0x000000008d200000| Complete 
| 209|0x000000008d300000, 0x000000008d400000, 0x000000008d400000|100%| E|CS|TAMS 0x000000008d300000, 0x000000008d300000| Complete 
| 210|0x000000008d400000, 0x000000008d500000, 0x000000008d500000|100%| E|CS|TAMS 0x000000008d400000, 0x000000008d400000| Complete 
| 211|0x000000008d500000, 0x000000008d600000, 0x000000008d600000|100%| E|CS|TAMS 0x000000008d500000, 0x000000008d500000| Complete 
| 212|0x000000008d600000, 0x000000008d700000, 0x000000008d700000|100%| E|CS|TAMS 0x000000008d600000, 0x000000008d600000| Complete 
| 213|0x000000008d700000, 0x000000008d800000, 0x000000008d800000|100%| E|CS|TAMS 0x000000008d700000, 0x000000008d700000| Complete 
| 214|0x000000008d800000, 0x000000008d900000, 0x000000008d900000|100%| E|CS|TAMS 0x000000008d800000, 0x000000008d800000| Complete 
| 215|0x000000008d900000, 0x000000008da00000, 0x000000008da00000|100%| E|CS|TAMS 0x000000008d900000, 0x000000008d900000| Complete 
| 216|0x000000008da00000, 0x000000008db00000, 0x000000008db00000|100%| E|CS|TAMS 0x000000008da00000, 0x000000008da00000| Complete 
| 217|0x000000008db00000, 0x000000008dc00000, 0x000000008dc00000|100%| E|CS|TAMS 0x000000008db00000, 0x000000008db00000| Complete 
| 218|0x000000008dc00000, 0x000000008dd00000, 0x000000008dd00000|100%| E|CS|TAMS 0x000000008dc00000, 0x000000008dc00000| Complete 
| 219|0x000000008dd00000, 0x000000008de00000, 0x000000008de00000|100%| E|CS|TAMS 0x000000008dd00000, 0x000000008dd00000| Complete 
| 220|0x000000008de00000, 0x000000008df00000, 0x000000008df00000|100%| E|CS|TAMS 0x000000008de00000, 0x000000008de00000| Complete 
| 221|0x000000008df00000, 0x000000008e000000, 0x000000008e000000|100%| E|CS|TAMS 0x000000008df00000, 0x000000008df00000| Complete 

Card table byte_map: [0x000001676e000000,0x000001676e400000] _byte_map_base: 0x000001676dbff000

Marking Bits (Prev, Next): (CMBitMap*) 0x000001675447e830, (CMBitMap*) 0x000001675447e7f8
 Prev Bits: [0x0000016770800000, 0x00000167727f8000)
 Next Bits: [0x000001676e800000, 0x00000167707f8000)

Polling page: 0x00000167546f0000

Metaspace:

Usage:
  Non-class:     70.31 MB capacity,    69.10 MB ( 98%) used,   959.76 KB (  1%) free+waste,   277.13 KB ( <1%) overhead. 
      Class:     10.95 MB capacity,    10.02 MB ( 91%) used,   819.22 KB (  7%) free+waste,   139.69 KB (  1%) overhead. 
       Both:     81.27 MB capacity,    79.12 MB ( 97%) used,     1.74 MB (  2%) free+waste,   416.81 KB ( <1%) overhead. 

Virtual space:
  Non-class space:       72.00 MB reserved,      70.42 MB ( 98%) committed 
      Class space:        1.00 GB reserved,      11.00 MB (  1%) committed 
             Both:        1.07 GB reserved,      81.42 MB (  7%) committed 

Chunk freelists:
   Non-Class:  6.00 KB
       Class:  1.88 KB
        Both:  7.88 KB

CodeHeap 'non-profiled nmethods': size=120000Kb used=5276Kb max_used=5276Kb free=114723Kb
 bounds [0x0000016765c70000, 0x00000167661a0000, 0x000001676d1a0000]
CodeHeap 'profiled nmethods': size=120000Kb used=16502Kb max_used=16502Kb free=103497Kb
 bounds [0x000001675e740000, 0x000001675f770000, 0x0000016765c70000]
CodeHeap 'non-nmethods': size=5760Kb used=1226Kb max_used=1289Kb free=4533Kb
 bounds [0x000001675e1a0000, 0x000001675e410000, 0x000001675e740000]
 total_blobs=9406 nmethods=7012 adapters=526
 compilation: enabled
              stopped_count=0, restarted_count=0
 full_count=0

Compilation events (10 events):
Event: 18.532 Thread 0x000001677530c800 nmethod 7431 0x0000016766185090 code [0x0000016766185240, 0x0000016766185358]
Event: 18.541 Thread 0x000001677530c800 7432       2       org.springframework.core.convert.support.GenericConversionService$Converters::find (119 bytes)
Event: 18.543 Thread 0x000001677530c800 nmethod 7432 0x000001675f760890 code [0x000001675f760b00, 0x000001675f761210]
Event: 18.544 Thread 0x000001677530c800 7433       1       org.springframework.beans.factory.config.ConstructorArgumentValues$ValueHolder::getName (5 bytes)
Event: 18.544 Thread 0x000001677530c800 nmethod 7433 0x0000016766185410 code [0x00000167661855c0, 0x00000167661856d8]
Event: 18.550 Thread 0x000001677530c800 7434       1       java.util.WeakHashMap::indexFor (6 bytes)
Event: 18.550 Thread 0x000001677530c800 nmethod 7434 0x0000016766185790 code [0x0000016766185940, 0x0000016766185a38]
Event: 18.560 Thread 0x000001677530c800 7435       2       org.springframework.core.MethodParameter::clone (9 bytes)
Event: 18.561 Thread 0x000001677530c800 nmethod 7435 0x000001675f761610 code [0x000001675f7617c0, 0x000001675f7619b0]
Event: 18.568 Thread 0x000001677530c800 7436       2       org.springframework.beans.factory.support.DefaultListableBeanFactory$$Lambda$474/0x00000001005bf840::apply (24 bytes)

GC Heap History (10 events):
Event: 8.868 GC heap before
{Heap before GC invocations=13 (full 0):
 garbage-first heap   total 189440K, used 129399K [0x0000000080200000, 0x0000000100000000)
  region size 1024K, 111 young (113664K), 12 survivors (12288K)
 Metaspace       used 54609K, capacity 55737K, committed 55856K, reserved 1097728K
  class space    used 6557K, capacity 7000K, committed 7040K, reserved 1048576K
}
Event: 8.888 GC heap after
{Heap after GC invocations=14 (full 0):
 garbage-first heap   total 189440K, used 30325K [0x0000000080200000, 0x0000000100000000)
  region size 1024K, 9 young (9216K), 9 survivors (9216K)
 Metaspace       used 54609K, capacity 55737K, committed 55856K, reserved 1097728K
  class space    used 6557K, capacity 7000K, committed 7040K, reserved 1048576K
}
Event: 10.102 GC heap before
{Heap before GC invocations=14 (full 0):
 garbage-first heap   total 189440K, used 79477K [0x0000000080200000, 0x0000000100000000)
  region size 1024K, 58 young (59392K), 9 survivors (9216K)
 Metaspace       used 58770K, capacity 60078K, committed 60208K, reserved 1101824K
  class space    used 7204K, capacity 7727K, committed 7808K, reserved 1048576K
}
Event: 10.119 GC heap after
{Heap after GC invocations=15 (full 0):
 garbage-first heap   total 189440K, used 32988K [0x0000000080200000, 0x0000000100000000)
  region size 1024K, 5 young (5120K), 5 survivors (5120K)
 Metaspace       used 58770K, capacity 60078K, committed 60208K, reserved 1101824K
  class space    used 7204K, capacity 7727K, committed 7808K, reserved 1048576K
}
Event: 11.824 GC heap before
{Heap before GC invocations=16 (full 0):
 garbage-first heap   total 189440K, used 141532K [0x0000000080200000, 0x0000000100000000)
  region size 1024K, 111 young (113664K), 5 survivors (5120K)
 Metaspace       used 69701K, capacity 71433K, committed 71600K, reserved 1112064K
  class space    used 8661K, capacity 9373K, committed 9472K, reserved 1048576K
}
Event: 11.850 GC heap after
{Heap after GC invocations=17 (full 0):
 garbage-first heap   total 227328K, used 38912K [0x0000000080200000, 0x0000000100000000)
  region size 1024K, 11 young (11264K), 11 survivors (11264K)
 Metaspace       used 69701K, capacity 71433K, committed 71600K, reserved 1112064K
  class space    used 8661K, capacity 9373K, committed 9472K, reserved 1048576K
}
Event: 16.607 GC heap before
{Heap before GC invocations=17 (full 0):
 garbage-first heap   total 227328K, used 156672K [0x0000000080200000, 0x0000000100000000)
  region size 1024K, 127 young (130048K), 11 survivors (11264K)
 Metaspace       used 75136K, capacity 77018K, committed 77360K, reserved 1116160K
  class space    used 9416K, capacity 10267K, committed 10368K, reserved 1048576K
}
Event: 16.622 GC heap after
{Heap after GC invocations=18 (full 0):
 garbage-first heap   total 227328K, used 44325K [0x0000000080200000, 0x0000000100000000)
  region size 1024K, 12 young (12288K), 12 survivors (12288K)
 Metaspace       used 75136K, capacity 77018K, committed 77360K, reserved 1116160K
  class space    used 9416K, capacity 10267K, committed 10368K, reserved 1048576K
}
Event: 17.889 GC heap before
{Heap before GC invocations=18 (full 0):
 garbage-first heap   total 227328K, used 168229K [0x0000000080200000, 0x0000000100000000)
  region size 1024K, 133 young (136192K), 12 survivors (12288K)
 Metaspace       used 79001K, capacity 81101K, committed 81200K, reserved 1120256K
  class space    used 9966K, capacity 10876K, committed 10880K, reserved 1048576K
}
Event: 17.907 GC heap after
{Heap after GC invocations=19 (full 0):
 garbage-first heap   total 227328K, used 49370K [0x0000000080200000, 0x0000000100000000)
  region size 1024K, 11 young (11264K), 11 survivors (11264K)
 Metaspace       used 79001K, capacity 81101K, committed 81200K, reserved 1120256K
  class space    used 9966K, capacity 10876K, committed 10880K, reserved 1048576K
}

Deoptimization events (10 events):
Event: 17.718 Thread 0x0000016754648800 Uncommon trap: reason=profile_predicate action=maybe_recompile pc=0x0000016765e78d1c method=org.springframework.beans.factory.support.DefaultListableBeanFactory.doGetBeanNamesForType(Lorg/springframework/core/ResolvableType;ZZ)[Ljava/lang/String; @ 20 c2
Event: 17.763 Thread 0x0000016754648800 Uncommon trap: reason=unstable_if action=reinterpret pc=0x00000167660daf24 method=java.util.HashMap.putVal(ILjava/lang/Object;Ljava/lang/Object;ZZ)Ljava/lang/Object; @ 109 c2
Event: 17.920 Thread 0x0000016754648800 Uncommon trap: reason=class_check action=maybe_recompile pc=0x0000016765d364f4 method=org.springframework.boot.context.properties.source.ConfigurationPropertyName$Elements.charAt(II)C @ 43 c2
Event: 17.920 Thread 0x0000016754648800 Uncommon trap: reason=class_check action=maybe_recompile pc=0x0000016765d364f4 method=org.springframework.boot.context.properties.source.ConfigurationPropertyName$Elements.charAt(II)C @ 43 c2
Event: 17.920 Thread 0x0000016754648800 Uncommon trap: reason=class_check action=maybe_recompile pc=0x0000016765d364f4 method=org.springframework.boot.context.properties.source.ConfigurationPropertyName$Elements.charAt(II)C @ 43 c2
Event: 17.920 Thread 0x0000016754648800 Uncommon trap: reason=class_check action=maybe_recompile pc=0x0000016765d364f4 method=org.springframework.boot.context.properties.source.ConfigurationPropertyName$Elements.charAt(II)C @ 43 c2
Event: 18.088 Thread 0x0000016754648800 Uncommon trap: reason=class_check action=maybe_recompile pc=0x0000016765efb3fc method=org.springframework.beans.factory.support.AbstractBeanFactory.isSingleton(Ljava/lang/String;)Z @ 32 c2
Event: 18.147 Thread 0x0000016754648800 Uncommon trap: reason=unstable_if action=reinterpret pc=0x0000016765d72e9c method=jdk.internal.org.objectweb.asm.Type.getArgumentsAndReturnSizes(Ljava/lang/String;)I @ 41 c2
Event: 18.181 Thread 0x0000016754648800 Uncommon trap: reason=bimorphic_or_optimized_type_check action=maybe_recompile pc=0x0000016766128bf0 method=java.util.AbstractCollection.addAll(Ljava/util/Collection;)Z @ 29 c2
Event: 18.511 Thread 0x0000016754648800 Uncommon trap: reason=unstable_if action=reinterpret pc=0x0000016765e98320 method=org.springframework.asm.Type.getTypeInternal(Ljava/lang/String;II)Lorg/springframework/asm/Type; @ 5 c2

Classes redefined (0 events):
No events

Internal exceptions (10 events):
Event: 18.578 Thread 0x0000016754648800 Exception <a 'java/lang/ClassNotFoundException'{0x0000000089d4a4f0}: org.springframework.boot.autoconfigure.data.web.SpringDataWebAutoConfiguration$$Lambda$1537/0x0000000100abe440Customizer> (0x0000000089d4a4f0) thrown at [t:/workspace/open/src/hotspot/sh
Event: 18.578 Thread 0x0000016754648800 Exception <a 'java/lang/ClassNotFoundException'{0x0000000089d4adb0}: org.springframework.boot.autoconfigure.data.web.SpringDataWebAutoConfiguration$$Lambda$1537/0x0000000100abe440Customizer> (0x0000000089d4adb0) thrown at [t:/workspace/open/src/hotspot/sh
Event: 18.578 Thread 0x0000016754648800 Exception <a 'java/lang/ClassNotFoundException'{0x0000000089d4b670}: org.springframework.boot.autoconfigure.data.web.SpringDataWebAutoConfiguration$$Lambda$1537/0x0000000100abe440Customizer> (0x0000000089d4b670) thrown at [t:/workspace/open/src/hotspot/sh
Event: 18.579 Thread 0x0000016754648800 Exception <a 'java/lang/ClassNotFoundException'{0x0000000089d70690}: org/springframework/data/web/config/SortHandlerMethodArgumentResolverCustomizerCustomizer> (0x0000000089d70690) thrown at [t:/workspace/open/src/hotspot/share/classfile/systemDictionary.
Event: 18.588 Thread 0x0000016754648800 Exception <a 'java/lang/ClassNotFoundException'{0x0000000089c7f798}: java/lang/ObjectCustomizer> (0x0000000089c7f798) thrown at [t:/workspace/open/src/hotspot/share/classfile/systemDictionary.cpp, line 231]
Event: 18.588 Thread 0x0000016754648800 Exception <a 'java/lang/ClassNotFoundException'{0x0000000089ca3568}: org/springframework/data/web/SortHandlerMethodArgumentResolverSupportCustomizer> (0x0000000089ca3568) thrown at [t:/workspace/open/src/hotspot/share/classfile/systemDictionary.cpp, line 
Event: 18.589 Thread 0x0000016754648800 Exception <a 'java/lang/ClassNotFoundException'{0x0000000089cc6928}: org/springframework/data/web/SortHandlerMethodArgumentResolverCustomizer> (0x0000000089cc6928) thrown at [t:/workspace/open/src/hotspot/share/classfile/systemDictionary.cpp, line 231]
Event: 18.590 Thread 0x0000016754648800 Exception <a 'java/lang/ClassNotFoundException'{0x0000000089ce9258}: org/springframework/data/web/SortArgumentResolverCustomizer> (0x0000000089ce9258) thrown at [t:/workspace/open/src/hotspot/share/classfile/systemDictionary.cpp, line 231]
Event: 18.590 Thread 0x0000016754648800 Exception <a 'java/lang/ClassNotFoundException'{0x0000000089b0c800}: org/springframework/web/method/support/HandlerMethodArgumentResolverCustomizer> (0x0000000089b0c800) thrown at [t:/workspace/open/src/hotspot/share/classfile/systemDictionary.cpp, line 2
Event: 18.593 Thread 0x0000016754648800 Exception <a 'java/lang/ClassNotFoundException'{0x0000000089b3a828}: java/lang/ObjectCustomizer> (0x0000000089b3a828) thrown at [t:/workspace/open/src/hotspot/share/classfile/systemDictionary.cpp, line 231]

Events (10 events):
Event: 18.592 loading class org/springframework/data/web/config/PageableHandlerMethodArgumentResolverCustomizer
Event: 18.592 loading class org/springframework/data/web/config/PageableHandlerMethodArgumentResolverCustomizer done
Event: 18.592 loading class org/springframework/data/web/PageableHandlerMethodArgumentResolver
Event: 18.592 loading class org/springframework/data/web/PageableHandlerMethodArgumentResolver done
Event: 18.592 loading class org/springframework/data/web/PageableDefault
Event: 18.592 loading class org/springframework/data/web/PageableDefault done
Event: 18.593 loading class java/lang/ObjectCustomizer
Event: 18.593 loading class java/lang/ObjectCustomizer done
Event: 18.593 loading class java/lang/ObjectCustomizer
Event: 18.593 loading class java/lang/ObjectCustomizer done


Dynamic libraries:
0x00007ff6a2450000 - 0x00007ff6a2497000 	F:\data\jdk-11.0.6\bin\java.exe
0x00007ffad5e80000 - 0x00007ffad6070000 	C:\Windows\SYSTEM32\ntdll.dll
0x00007ffad3f30000 - 0x00007ffad3fe2000 	C:\Windows\System32\KERNEL32.DLL
0x00007ffad3a40000 - 0x00007ffad3ce3000 	C:\Windows\System32\KERNELBASE.dll
0x00007ffad44a0000 - 0x00007ffad4543000 	C:\Windows\System32\ADVAPI32.dll
0x00007ffad4c70000 - 0x00007ffad4d0e000 	C:\Windows\System32\msvcrt.dll
0x00007ffad5b10000 - 0x00007ffad5ba7000 	C:\Windows\System32\sechost.dll
0x00007ffad3ff0000 - 0x00007ffad4110000 	C:\Windows\System32\RPCRT4.dll
0x00007ffad4d10000 - 0x00007ffad4ea4000 	C:\Windows\System32\USER32.dll
0x00007ffad2f90000 - 0x00007ffad2fb1000 	C:\Windows\System32\win32u.dll
0x00007ffad4550000 - 0x00007ffad4576000 	C:\Windows\System32\GDI32.dll
0x00007ffad3cf0000 - 0x00007ffad3e84000 	C:\Windows\System32\gdi32full.dll
0x00007ffad3e90000 - 0x00007ffad3f2e000 	C:\Windows\System32\msvcp_win.dll
0x00007ffad2e10000 - 0x00007ffad2f0a000 	C:\Windows\System32\ucrtbase.dll
0x00007ffac70e0000 - 0x00007ffac7365000 	C:\Windows\WinSxS\amd64_microsoft.windows.common-controls_6595b64144ccf1df_6.0.18362.418_none_e6c6b287130d565d\COMCTL32.dll
0x00007ffacc7f0000 - 0x00007ffacc7fa000 	C:\Windows\SYSTEM32\VERSION.dll
0x00007ffad4ff0000 - 0x00007ffad5326000 	C:\Windows\System32\combase.dll
0x00007ffad3240000 - 0x00007ffad32c0000 	C:\Windows\System32\bcryptPrimitives.dll
0x00007ffad42e0000 - 0x00007ffad430e000 	C:\Windows\System32\IMM32.DLL
0x00007ffac57d0000 - 0x00007ffac57e6000 	F:\data\jdk-11.0.6\bin\vcruntime140.dll
0x00007ffabb0f0000 - 0x00007ffabb19a000 	F:\data\jdk-11.0.6\bin\msvcp140.dll
0x00007ffa9ac10000 - 0x00007ffa9b739000 	F:\data\jdk-11.0.6\bin\server\jvm.dll
0x00007ffad4eb0000 - 0x00007ffad4eb8000 	C:\Windows\System32\PSAPI.DLL
0x00007ffad0df0000 - 0x00007ffad0e14000 	C:\Windows\SYSTEM32\WINMM.dll
0x00007ffac5760000 - 0x00007ffac5769000 	C:\Windows\SYSTEM32\WSOCK32.dll
0x00007ffad4ed0000 - 0x00007ffad4f3f000 	C:\Windows\System32\WS2_32.dll
0x00007ffad0dc0000 - 0x00007ffad0ded000 	C:\Windows\SYSTEM32\winmmbase.dll
0x00007ffad2f10000 - 0x00007ffad2f5a000 	C:\Windows\System32\cfgmgr32.dll
0x00007ffad2d60000 - 0x00007ffad2d71000 	C:\Windows\System32\kernel.appcore.dll
0x00007ffac57b0000 - 0x00007ffac57c1000 	F:\data\jdk-11.0.6\bin\verify.dll
0x00007ffac2ee0000 - 0x00007ffac30d4000 	C:\Windows\SYSTEM32\DBGHELP.DLL
0x00007ffac2eb0000 - 0x00007ffac2eda000 	C:\Windows\SYSTEM32\dbgcore.DLL
0x00007ffabb0c0000 - 0x00007ffabb0e9000 	F:\data\jdk-11.0.6\bin\java.dll
0x00007ffab3410000 - 0x00007ffab343f000 	F:\data\jdk-11.0.6\bin\instrument.dll
0x00007ffac2850000 - 0x00007ffac2866000 	F:\data\jdk-11.0.6\bin\zip.dll
0x00007ffacf6b0000 - 0x00007ffacf6ba000 	F:\data\jdk-11.0.6\bin\jimage.dll
0x00007ffad4580000 - 0x00007ffad4c65000 	C:\Windows\System32\SHELL32.dll
0x00007ffad5d10000 - 0x00007ffad5db9000 	C:\Windows\System32\shcore.dll
0x00007ffad32c0000 - 0x00007ffad3a3f000 	C:\Windows\System32\windows.storage.dll
0x00007ffad2d80000 - 0x00007ffad2d9f000 	C:\Windows\System32\profapi.dll
0x00007ffad2dc0000 - 0x00007ffad2e0a000 	C:\Windows\System32\powrprof.dll
0x00007ffad2d50000 - 0x00007ffad2d60000 	C:\Windows\System32\UMPDC.dll
0x00007ffad4440000 - 0x00007ffad4492000 	C:\Windows\System32\shlwapi.dll
0x00007ffad3220000 - 0x00007ffad3237000 	C:\Windows\System32\cryptsp.dll
0x00007ffabee20000 - 0x00007ffabee39000 	F:\data\jdk-11.0.6\bin\net.dll
0x00007ffac7a00000 - 0x00007ffac7af0000 	C:\Windows\SYSTEM32\WINHTTP.dll
0x00007ffad2560000 - 0x00007ffad25c7000 	C:\Windows\system32\mswsock.dll
0x00007ffaa87a0000 - 0x00007ffaa87b3000 	F:\data\jdk-11.0.6\bin\nio.dll
0x00007ffaa8750000 - 0x00007ffaa876a000 	F:\win_ide\IntelliJ IDEA 2020.1\bin\breakgen64.dll
0x00007ffacf5b0000 - 0x00007ffacf5b9000 	F:\data\jdk-11.0.6\bin\management.dll
0x00007ffac3720000 - 0x00007ffac372c000 	F:\data\jdk-11.0.6\bin\management_ext.dll
0x00007ffaa4ec0000 - 0x00007ffaa4ed6000 	C:\Windows\system32\napinsp.dll
0x00007ffaa4ea0000 - 0x00007ffaa4eba000 	C:\Windows\system32\pnrpnsp.dll
0x00007ffad22b0000 - 0x00007ffad237a000 	C:\Windows\SYSTEM32\DNSAPI.dll
0x00007ffad4ec0000 - 0x00007ffad4ec8000 	C:\Windows\System32\NSI.dll
0x00007ffad2270000 - 0x00007ffad22aa000 	C:\Windows\SYSTEM32\IPHLPAPI.DLL
0x00007ffaa4e90000 - 0x00007ffaa4e9e000 	C:\Windows\System32\winrnr.dll
0x00007ffacf590000 - 0x00007ffacf5ac000 	C:\Windows\system32\NLAapi.dll
0x00007ffac30e0000 - 0x00007ffac30f5000 	C:\Windows\system32\wshbth.dll
0x00007ffac83d0000 - 0x00007ffac83da000 	C:\Windows\System32\rasadhlp.dll
0x00007ffacba20000 - 0x00007ffacba97000 	C:\Windows\System32\fwpuclnt.dll
0x00007ffad2f60000 - 0x00007ffad2f86000 	C:\Windows\System32\bcrypt.dll
0x00007ffad20d0000 - 0x00007ffad2103000 	C:\Windows\system32\rsaenh.dll
0x00007ffad2c40000 - 0x00007ffad2c65000 	C:\Windows\SYSTEM32\USERENV.dll
0x00007ffad2b40000 - 0x00007ffad2b4c000 	C:\Windows\SYSTEM32\CRYPTBASE.dll
0x00007ffacbb00000 - 0x00007ffacbb16000 	C:\Windows\SYSTEM32\dhcpcsvc6.DLL
0x00007ffacbbd0000 - 0x00007ffacbbec000 	C:\Windows\SYSTEM32\dhcpcsvc.DLL
0x00007ffaa8720000 - 0x00007ffaa8747000 	F:\data\jdk-11.0.6\bin\sunec.dll

dbghelp: loaded successfully - version: 4.0.5 - missing functions: none
symbol engine: initialized successfully - sym options: 0x614 - pdb path: .;F:\data\jdk-11.0.6\bin;C:\Windows\SYSTEM32;C:\Windows\WinSxS\amd64_microsoft.windows.common-controls_6595b64144ccf1df_6.0.18362.418_none_e6c6b287130d565d;F:\data\jdk-11.0.6\bin\server;F:\win_ide\IntelliJ IDEA 2020.1\bin

VM Arguments:
jvm_args: -ea -Didea.test.cyclic.buffer.size=1048576 -javaagent:F:\win_ide\IntelliJ IDEA 2020.1\lib\idea_rt.jar=59341:F:\win_ide\IntelliJ IDEA 2020.1\bin -Dfile.encoding=UTF-8 
java_command: com.intellij.rt.junit.JUnitStarter -ideVersion5 -junit4 cn.dbdj1201.sc.dao.IEsProductDaoTest,findAllProducts
java_class_path (initial): F:\win_ide\IntelliJ IDEA 2020.1\lib\idea_rt.jar;F:\win_ide\IntelliJ IDEA 2020.1\plugins\junit\lib\junit5-rt.jar;F:\win_ide\IntelliJ IDEA 2020.1\plugins\junit\lib\junit-rt.jar;D:\code_repo\shopping-city\mirror-sc\sc-main\target\test-classes;D:\code_repo\shopping-city\mirror-sc\sc-main\target\classes;F:\tools\repo_mine\org\springframework\boot\spring-boot-starter-web\2.3.0.RELEASE\spring-boot-starter-web-2.3.0.RELEASE.jar;F:\tools\repo_mine\org\springframework\boot\spring-boot-starter\2.3.0.RELEASE\spring-boot-starter-2.3.0.RELEASE.jar;F:\tools\repo_mine\org\springframework\boot\spring-boot-starter-logging\2.3.0.RELEASE\spring-boot-starter-logging-2.3.0.RELEASE.jar;F:\tools\repo_mine\ch\qos\logback\logback-classic\1.2.3\logback-classic-1.2.3.jar;F:\tools\repo_mine\ch\qos\logback\logback-core\1.2.3\logback-core-1.2.3.jar;F:\tools\repo_mine\org\apache\logging\log4j\log4j-to-slf4j\2.13.2\log4j-to-slf4j-2.13.2.jar;F:\tools\repo_mine\org\apache\logging\log4j\log4j-api\2.13.2\log4j-api-2.13.2.jar;F:\tools\repo_mine\org\slf4j\jul-to-slf4j\1.7.30\jul-to-slf4j-1.7.30.jar;F:\tools\repo_mine\jakarta\annotation\jakarta.annotation-api\1.3.5\jakarta.annotation-api-1.3.5.jar;F:\tools\repo_mine\org\yaml\snakeyaml\1.26\snakeyaml-1.26.jar;F:\tools\repo_mine\org\springframework\boot\spring-boot-starter-json\2.3.0.RELEASE\spring-boot-starter-json-2.3.0.RELEASE.jar;F:\tools\repo_mine\com\fasterxml\jackson\datatype\jackson-datatype-jdk8\2.11.0\jackson-datatype-jdk8-2.11.0.jar;F:\tools\repo_mine\com\fasterxml\jackson\datatype\jackson-datatype-jsr310\2.11.0\jackson-datatype-jsr310-2.11.0.jar;F:\tools\repo_mine\com\fasterxml\jackson\module\jackson-module-parameter-names\2.11.0\jackson-module-parameter-names-2.11.0.jar;F:\tools\repo_mine\org\springframework\boot\spring-boot-starter-tomcat\2.3.0.RELEASE\spring-boot-starter-tomcat-2.3.0.RELEASE.jar;F:\tools\repo_mine\org\apache\tomcat\embed\tomcat-embed-core\9.0.35\tomcat-embed-core-9.0.35.jar;F:\tools\repo_mine\org\
Launcher Type: SUN_STANDARD

[Global flags]
     intx CICompilerCount                          = 4                                         {product} {ergonomic}
     uint ConcGCThreads                            = 2                                         {product} {ergonomic}
     uint G1ConcRefinementThreads                  = 8                                         {product} {ergonomic}
   size_t G1HeapRegionSize                         = 1048576                                   {product} {ergonomic}
    uintx GCDrainStackTargetSize                   = 64                                        {product} {ergonomic}
   size_t InitialHeapSize                          = 134217728                                 {product} {ergonomic}
   size_t MarkStackSize                            = 4194304                                   {product} {ergonomic}
   size_t MaxHeapSize                              = 2145386496                                {product} {ergonomic}
   size_t MaxNewSize                               = 1286602752                                {product} {ergonomic}
   size_t MinHeapDeltaBytes                        = 1048576                                   {product} {ergonomic}
    uintx NonNMethodCodeHeapSize                   = 5836300                                {pd product} {ergonomic}
    uintx NonProfiledCodeHeapSize                  = 122910970                              {pd product} {ergonomic}
    uintx ProfiledCodeHeapSize                     = 122910970                              {pd product} {ergonomic}
    uintx ReservedCodeCacheSize                    = 251658240                              {pd product} {ergonomic}
     bool SegmentedCodeCache                       = true                                      {product} {ergonomic}
     bool UseCompressedClassPointers               = true                                 {lp64_product} {ergonomic}
     bool UseCompressedOops                        = true                                 {lp64_product} {ergonomic}
     bool UseG1GC                                  = true                                      {product} {ergonomic}
     bool UseLargePagesIndividualAllocation        = false                                  {pd product} {ergonomic}

Logging:
Log output configuration:
 #0: stdout all=warning uptime,level,tags
 #1: stderr all=off uptime,level,tags

Environment Variables:
JAVA_HOME=F:\data\jdk-11.0.6
CLASSPATH=F:\data\jdk-11.0.6\lib\dt.jar;F:\data\jdk-11.0.6\lib\tools.jar
PATH=C:\Windows\system32;C:\Windows;C:\Windows\System32\Wbem;C:\Windows\System32\WindowsPowerShell\v1.0\;C:\Windows\System32\OpenSSH\;F:\data\jdk-11.0.6\bin;F:\data\jdk-11.0.6\jre\bin;C:\Program Files\MySQL\MySQL Server 5.7\bin;C:\Program Files (x86)\ATI Technologies\ATI.ACE\Core-Static;F:\tools\apache-maven-3.6.3\bin;F:\tools\Redis-x64-3.2.100;F:\tools\svn\bin;F:\tools\torsvn\bin;F:\tools\nexus\nexus-3.21.1-01\bin;C:\Program Files\MySQL\MySQL Server 8.0\bin;F:\tools\node\;E:\java\Git\cmd;F:\tools\mongo\bin;F:\tools\gradle-5.6.4\bin;C:\Users\Administrator\AppData\Local\Microsoft\WindowsApps;;F:\IntelliJ IDEA 2019.2.4\bin;;C:\Users\Administrator\AppData\Roaming\npm;F:\win_ide\Microsoft VS Code\bin
USERNAME=Administrator
OS=Windows_NT
PROCESSOR_IDENTIFIER=Intel64 Family 6 Model 44 Stepping 2, GenuineIntel



---------------  S Y S T E M  ---------------

OS: Windows 10 , 64 bit Build 18362 (10.0.18362.329)

CPU:total 8 (initial active 8) (4 cores per cpu, 2 threads per core) family 6 model 44 stepping 2, cmov, cx8, fxsr, mmx, sse, sse2, sse3, ssse3, sse4.1, sse4.2, popcnt, aes, clmul, ht, tsc, tscinvbit, tscinv

Memory: 4k page, system-wide physical 8183M (1831M free)
TotalPageFile size 28416M (AvailPageFile size 5M)
current process WorkingSet (physical memory assigned to process): 493M, peak: 495M
current process commit charge ("private bytes"): 552M, peak: 554M

vm_info: Java HotSpot(TM) 64-Bit Server VM (11.0.6+8-LTS) for windows-amd64 JRE (11.0.6+8-LTS), built on Dec 11 2019 09:17:57 by "mach5one" with MS VC++ 15.5 (VS2017)

END.
